<?xml version="1.0" encoding="UTF-8"?>
<!-- Generated by org.testng.reporters.JUnitReportReporter -->
<testsuite name="JIRAIntegration.Cucumber.Runner.TestRunner" tests="1" time="15.615" ignored="0" failures="0" timestamp="17 Feb 2018 15:24:09 GMT" skipped="0" hostname="Bob" errors="0">
  <testcase name="feature" time="15.615" classname="JIRAIntegration.Cucumber.Runner.TestRunner"/>
</testsuite> <!-- JIRAIntegration.Cucumber.Runner.TestRunner -->
