<?xml version="1.0" encoding="UTF-8"?>
<!-- Generated by org.testng.reporters.JUnitReportReporter -->
<testsuite name="JIRAIntegration.Cucumber.Runner.TestRunner" tests="2" time="53.007" ignored="0" failures="0" timestamp="02 Mar 2018 18:42:18 GMT" skipped="0" hostname="Bob" errors="0">
  <testcase name="feature" time="16.520" classname="JIRAIntegration.Cucumber.Runner.TestRunner"/>
  <testcase name="feature" time="36.487" classname="JIRAIntegration.Cucumber.Runner.TestRunner"/>
</testsuite> <!-- JIRAIntegration.Cucumber.Runner.TestRunner -->
