<?xml version="1.0" encoding="UTF-8"?>
<!-- Generated by org.testng.reporters.JUnitReportReporter -->
<testsuite name="JIRAIntegration.Cucumber.Runner.Runner1" tests="1" time="18.966" ignored="0" failures="0" timestamp="17 Feb 2018 15:03:52 GMT" skipped="0" hostname="Bob" errors="0">
  <testcase name="feature" time="18.966" classname="JIRAIntegration.Cucumber.Runner.Runner1"/>
</testsuite> <!-- JIRAIntegration.Cucumber.Runner.Runner1 -->
