<?xml version="1.0" encoding="UTF-8"?>
<!-- Generated by org.testng.reporters.JUnitReportReporter -->
<testsuite name="JIRAIntegration.Cucumber.Runner.TestRunner" tests="1" time="26.164" ignored="0" failures="0" timestamp="21 Feb 2018 20:21:54 GMT" skipped="0" hostname="Bob" errors="0">
  <testcase name="feature" time="26.164" classname="JIRAIntegration.Cucumber.Runner.TestRunner"/>
</testsuite> <!-- JIRAIntegration.Cucumber.Runner.TestRunner -->
