<?xml version="1.0" encoding="UTF-8"?>
<!-- Generated by org.testng.reporters.JUnitReportReporter -->
<testsuite name="JIRAIntegration.Cucumber.Runner.TestRunner" tests="2" time="26.567" ignored="0" failures="0" timestamp="25 Feb 2018 13:43:58 GMT" skipped="0" hostname="Bob" errors="0">
  <testcase name="feature" time="12.780" classname="JIRAIntegration.Cucumber.Runner.TestRunner"/>
  <testcase name="feature" time="13.787" classname="JIRAIntegration.Cucumber.Runner.TestRunner"/>
</testsuite> <!-- JIRAIntegration.Cucumber.Runner.TestRunner -->
